2023-05-20 10:45:07,862 [INFO] Activator:179 - 


2023-05-20 10:45:07,863 [INFO] Activator:180 - !SESSION log4j initialized
2023-05-20 10:45:32,270 [ERROR] LogOutputStream:74 - [STDERR_REDIRECT] SLF4J: Failed to load class "org.slf4j.impl.StaticLoggerBinder".
2023-05-20 10:45:32,272 [ERROR] LogOutputStream:74 - [STDERR_REDIRECT] SLF4J: Defaulting to no-operation (NOP) logger implementation
2023-05-20 10:45:32,272 [ERROR] LogOutputStream:74 - [STDERR_REDIRECT] SLF4J: See http://www.slf4j.org/codes.html#StaticLoggerBinder for further details.
2023-05-20 10:46:25,253 [INFO] McuFinderGlobals:52 - Set McuFinder mode to 2 (CubeIDE integrated)
2023-05-20 10:46:27,484 [INFO] ApplicationProperties:181 - Using Application install path: /home/francesco/st/stm32cubeide_1.11.2_2/plugins/com.st.stm32cube.common.mx_6.7.0.202301130839
2023-05-20 10:46:27,516 [INFO] DbMcusXml:77 - Set database path to: /home/francesco/st/stm32cubeide_1.11.2_2/plugins/com.st.stm32cube.common.mx_6.7.0.202301130839//db//mcu/
2023-05-20 10:46:27,517 [INFO] ApiDb:273 - Set plugin database path to: /home/francesco/st/stm32cubeide_1.11.2_2/plugins/com.st.stm32cube.common.mx_6.7.0.202301130839//db//plugins/boardmanager/
2023-05-20 10:46:27,524 [WARN] ApiDb:258 - Overriding images path with different value:  => /home/francesco/st/stm32cubeide_1.11.2_2/plugins/com.st.stm32cube.common.mx_6.7.0.202301130839//db//plugins/mcufinder/images/
2023-05-20 10:46:27,562 [INFO] ApiDb:249 - Set database path to: /home/francesco/.stmcufinder/plugins/mcufinder//mcu/
2023-05-20 10:46:27,566 [INFO] DbMcusAds:124 - Set database path to: /home/francesco/.stmcufinder/plugins/mcufinder//mcu/
2023-05-20 10:46:27,585 [INFO] CrossReferenceDbSqlite:202 - Set database path to: /home/francesco/.stmcufinder/plugins/mcufinder//mcu/cs/
2023-05-20 10:46:27,774 [INFO] RulesReader:61 - Compatibility file has been processed (283 Rules)
2023-05-20 10:46:27,872 [INFO] DbMcusXml:77 - Set database path to: /home/francesco/st/stm32cubeide_1.11.2_2/plugins/com.st.stm32cube.common.mx_6.7.0.202301130839//db//mcu/
2023-05-20 10:46:27,873 [INFO] ApiDb:273 - Set plugin database path to: /home/francesco/st/stm32cubeide_1.11.2_2/plugins/com.st.stm32cube.common.mx_6.7.0.202301130839//db//plugins/boardmanager/
2023-05-20 10:46:27,874 [INFO] ApiDb:260 - Set plugin images path to: /home/francesco/st/stm32cubeide_1.11.2_2/plugins/com.st.stm32cube.common.mx_6.7.0.202301130839//db//plugins/mcufinder/images/
2023-05-20 10:46:27,875 [WARN] DbFile:40 - Overriding database path with different value: /home/francesco/.stmcufinder/plugins/mcufinder/ => /home/francesco/.stmcufinder/plugins/mcufinder
2023-05-20 10:46:27,875 [INFO] ApiDb:249 - Set database path to: /home/francesco/.stmcufinder/plugins/mcufinder//mcu/
2023-05-20 10:46:27,876 [WARN] DbFile:40 - Overriding database path with different value: /home/francesco/.stmcufinder/plugins/mcufinder/ => /home/francesco/.stmcufinder/plugins/mcufinder
2023-05-20 10:46:27,876 [INFO] DbMcusAds:124 - Set database path to: /home/francesco/.stmcufinder/plugins/mcufinder//mcu/
2023-05-20 10:46:27,878 [WARN] DbFile:40 - Overriding database path with different value: /home/francesco/.stmcufinder/plugins/mcufinder/ => /home/francesco/.stmcufinder/plugins/mcufinder
2023-05-20 10:46:27,879 [WARN] DbFile:40 - Overriding database path with different value: /home/francesco/.stmcufinder/plugins/mcufinder/ => /home/francesco/.stmcufinder/plugins/mcufinder
2023-05-20 10:46:27,879 [INFO] CrossReferenceDbSqlite:202 - Set database path to: /home/francesco/.stmcufinder/plugins/mcufinder//mcu/cs/
2023-05-20 10:46:28,006 [INFO] MainPanel:252 - HeapMemory: 348127232
2023-05-20 10:46:28,149 [INFO] DbMcusXml:77 - Set database path to: /home/francesco/st/stm32cubeide_1.11.2_2/plugins/com.st.stm32cube.common.mx_6.7.0.202301130839//db//mcu/
2023-05-20 10:46:28,150 [INFO] ApiDb:273 - Set plugin database path to: /home/francesco/st/stm32cubeide_1.11.2_2/plugins/com.st.stm32cube.common.mx_6.7.0.202301130839//db//plugins/boardmanager/
2023-05-20 10:46:28,151 [INFO] ApiDb:260 - Set plugin images path to: /home/francesco/st/stm32cubeide_1.11.2_2/plugins/com.st.stm32cube.common.mx_6.7.0.202301130839//db//plugins/mcufinder/images/
2023-05-20 10:46:28,152 [WARN] DbFile:40 - Overriding database path with different value: /home/francesco/.stmcufinder/plugins/mcufinder/ => /home/francesco/.stmcufinder/plugins/mcufinder
2023-05-20 10:46:28,152 [INFO] ApiDb:249 - Set database path to: /home/francesco/.stmcufinder/plugins/mcufinder//mcu/
2023-05-20 10:46:28,153 [WARN] DbFile:40 - Overriding database path with different value: /home/francesco/.stmcufinder/plugins/mcufinder/ => /home/francesco/.stmcufinder/plugins/mcufinder
2023-05-20 10:46:28,153 [INFO] DbMcusAds:124 - Set database path to: /home/francesco/.stmcufinder/plugins/mcufinder//mcu/
2023-05-20 10:46:28,153 [WARN] DbFile:40 - Overriding database path with different value: /home/francesco/.stmcufinder/plugins/mcufinder/ => /home/francesco/.stmcufinder/plugins/mcufinder
2023-05-20 10:46:28,154 [WARN] DbFile:40 - Overriding database path with different value: /home/francesco/.stmcufinder/plugins/mcufinder/ => /home/francesco/.stmcufinder/plugins/mcufinder
2023-05-20 10:46:28,154 [INFO] CrossReferenceDbSqlite:202 - Set database path to: /home/francesco/.stmcufinder/plugins/mcufinder//mcu/cs/
2023-05-20 10:46:28,180 [INFO] ApplicationProperties:181 - Using Application install path: /home/francesco/st/stm32cubeide_1.11.2_2/plugins/com.st.stm32cube.common.mx_6.7.0.202301130839
2023-05-20 10:46:28,183 [INFO] PluginManage:193 - Search for loadable plugins [exclusion list=, ]
2023-05-20 10:46:28,186 [INFO] PluginManage:307 - Check plugin analytics
2023-05-20 10:46:28,426 [INFO] AnalyticsPlugin:262 - Accepted Software Licenses: 
2023-05-20 10:46:28,427 [INFO] AnalyticsPlugin:264 - Accepted CMSIS Pack Licenses: 
2023-05-20 10:46:28,428 [INFO] AnalyticsPlugin:266 - Accepted Firmware Licenses: 
2023-05-20 10:46:28,441 [INFO] PluginManage:356 - Loaded plugin analytics (category:tool,tabindex:-1)
2023-05-20 10:46:28,442 [INFO] PluginManage:307 - Check plugin cadmodel
2023-05-20 10:46:28,699 [INFO] CADModel:104 - Init CAD model plugin
2023-05-20 10:46:28,701 [INFO] PluginManage:356 - Loaded plugin cadmodel (category:power,tabindex:5)
2023-05-20 10:46:28,702 [INFO] PluginManage:307 - Check plugin clock
2023-05-20 10:46:28,717 [INFO] PluginManage:356 - Loaded plugin clock (category:base,tabindex:2)
2023-05-20 10:46:28,717 [INFO] PluginManage:307 - Check plugin ddr
2023-05-20 10:46:28,722 [INFO] PluginManage:356 - Loaded plugin ddr (category:tool,tabindex:6)
2023-05-20 10:46:28,722 [INFO] PluginManage:307 - Check plugin filemanager
2023-05-20 10:46:28,967 [INFO] PluginManage:356 - Loaded plugin filemanager (category:base,tabindex:10)
2023-05-20 10:46:28,968 [INFO] PluginManage:307 - Check plugin ipmanager
2023-05-20 10:46:28,984 [INFO] PluginManage:356 - Loaded plugin ipmanager (category:base,tabindex:5)
2023-05-20 10:46:28,985 [INFO] PluginManage:307 - Check plugin lpbam
2023-05-20 10:46:29,010 [INFO] PluginManage:356 - Loaded plugin lpbam (category:base,tabindex:0)
2023-05-20 10:46:29,011 [INFO] PluginManage:307 - Check plugin pinoutandconfiguration
2023-05-20 10:46:29,032 [INFO] PluginManage:356 - Loaded plugin pinoutandconfiguration (category:base,tabindex:1)
2023-05-20 10:46:29,050 [INFO] PluginManage:307 - Check plugin pinoutconfig
2023-05-20 10:46:29,111 [INFO] PluginManage:356 - Loaded plugin pinoutconfig (category:base,tabindex:0)
2023-05-20 10:46:29,111 [INFO] PluginManage:307 - Check plugin power
2023-05-20 10:46:29,127 [INFO] PluginManage:356 - Loaded plugin power (category:power,tabindex:4)
2023-05-20 10:46:29,128 [INFO] PluginManage:307 - Check plugin projectmanager
2023-05-20 10:46:29,185 [INFO] PluginManage:356 - Loaded plugin projectmanager (category:projectmanager,tabindex:3)
2023-05-20 10:46:29,186 [INFO] PluginManage:307 - Check plugin thirdparty
2023-05-20 10:46:29,390 [WARN] IntegrityCheckThread:82 - waiting for thirdparty lock release [integrity check]
2023-05-20 10:46:29,393 [INFO] IntegrityCheckThread:84 - entering critical section [integrity check]
2023-05-20 10:46:29,391 [INFO] PluginManage:356 - Loaded plugin thirdparty (category:base,tabindex:-1)
2023-05-20 10:46:29,394 [INFO] PluginManage:307 - Check plugin tools
2023-05-20 10:46:29,397 [INFO] ThirdPartyUpdaterWithRetryManager:70 - Updater plugin not ready yet. [1/15]
2023-05-20 10:46:29,398 [INFO] PluginManage:356 - Loaded plugin tools (category:base,tabindex:7)
2023-05-20 10:46:29,399 [INFO] PluginManage:307 - Check plugin tutovideos
2023-05-20 10:46:29,684 [INFO] PluginManage:356 - Loaded plugin tutovideos (category:base,tabindex:-1)
2023-05-20 10:46:29,685 [INFO] PluginManage:307 - Check plugin updater
2023-05-20 10:46:29,710 [INFO] PluginManage:356 - Loaded plugin updater (category:base,tabindex:12)
2023-05-20 10:46:29,711 [INFO] PluginManage:280 - PluginManage : Loaded plugins [15]
2023-05-20 10:46:30,055 [INFO] PinOutPanel:1477 - setPackage(No Configuration,No Configuration)
2023-05-20 10:46:30,157 [INFO] CADModel:164 - CPN selected for project level
2023-05-20 10:46:30,158 [INFO] CADModel:113 - Register for checkConnection events
2023-05-20 10:46:30,191 [INFO] IPUIPlugin:79 - create IPUIPlugin
2023-05-20 10:46:30,192 [INFO] PluginManager:219 - loadIPPluginJar : add usbx
2023-05-20 10:46:30,197 [INFO] IPUIPlugin:79 - create IPUIPlugin
2023-05-20 10:46:30,198 [INFO] PluginManager:219 - loadIPPluginJar : add i2c
2023-05-20 10:46:30,200 [INFO] IPUIPlugin:79 - create IPUIPlugin
2023-05-20 10:46:30,201 [INFO] PluginManager:219 - loadIPPluginJar : add ltdc
2023-05-20 10:46:30,215 [INFO] IPUIPlugin:79 - create IPUIPlugin
2023-05-20 10:46:30,216 [INFO] PluginManager:219 - loadIPPluginJar : add fmc
2023-05-20 10:46:30,228 [INFO] IPUIPlugin:79 - create IPUIPlugin
2023-05-20 10:46:30,230 [INFO] PluginManager:219 - loadIPPluginJar : add gic
2023-05-20 10:46:30,235 [INFO] IPUIPlugin:79 - create IPUIPlugin
2023-05-20 10:46:30,236 [INFO] PluginManager:219 - loadIPPluginJar : add tracer_emb
2023-05-20 10:46:30,243 [INFO] IPUIPlugin:79 - create IPUIPlugin
2023-05-20 10:46:30,245 [INFO] PluginManager:219 - loadIPPluginJar : add aes
2023-05-20 10:46:30,249 [INFO] IPUIPlugin:79 - create IPUIPlugin
2023-05-20 10:46:30,250 [INFO] PluginManager:219 - loadIPPluginJar : add dfsdm
2023-05-20 10:46:30,257 [INFO] IPUIPlugin:79 - create IPUIPlugin
2023-05-20 10:46:30,258 [INFO] PluginManager:219 - loadIPPluginJar : add sai
2023-05-20 10:46:30,261 [INFO] IPUIPlugin:79 - create IPUIPlugin
2023-05-20 10:46:30,261 [INFO] PluginManager:219 - loadIPPluginJar : add comp
2023-05-20 10:46:30,271 [INFO] IPUIPlugin:79 - create IPUIPlugin
2023-05-20 10:46:30,272 [INFO] PluginManager:219 - loadIPPluginJar : add stm32_wpan
2023-05-20 10:46:30,276 [INFO] IPUIPlugin:79 - create IPUIPlugin
2023-05-20 10:46:30,276 [INFO] PluginManager:219 - loadIPPluginJar : add ts
2023-05-20 10:46:30,280 [INFO] IPUIPlugin:79 - create IPUIPlugin
2023-05-20 10:46:30,280 [INFO] PluginManager:219 - loadIPPluginJar : add tim
2023-05-20 10:46:30,296 [INFO] IPUIPlugin:79 - create IPUIPlugin
2023-05-20 10:46:30,297 [INFO] PluginManager:219 - loadIPPluginJar : add mdma
2023-05-20 10:46:30,301 [INFO] IPUIPlugin:79 - create IPUIPlugin
2023-05-20 10:46:30,301 [INFO] PluginManager:219 - loadIPPluginJar : add ucpd
2023-05-20 10:46:30,306 [INFO] IPUIPlugin:79 - create IPUIPlugin
2023-05-20 10:46:30,307 [INFO] PluginManager:219 - loadIPPluginJar : add spi
2023-05-20 10:46:30,325 [INFO] IPUIPlugin:79 - create IPUIPlugin
2023-05-20 10:46:30,326 [INFO] PluginManager:219 - loadIPPluginJar : add nvic
2023-05-20 10:46:30,331 [INFO] IPUIPlugin:79 - create IPUIPlugin
2023-05-20 10:46:30,332 [INFO] PluginManager:219 - loadIPPluginJar : add dma3
2023-05-20 10:46:30,336 [INFO] IPUIPlugin:79 - create IPUIPlugin
2023-05-20 10:46:30,337 [INFO] PluginManager:219 - loadIPPluginJar : add lorawan
2023-05-20 10:46:30,344 [INFO] IPUIPlugin:79 - create IPUIPlugin
2023-05-20 10:46:30,345 [INFO] PluginManager:219 - loadIPPluginJar : add i2s
2023-05-20 10:46:30,352 [INFO] IPUIPlugin:79 - create IPUIPlugin
2023-05-20 10:46:30,353 [INFO] PluginManager:219 - loadIPPluginJar : add touchsensing
2023-05-20 10:46:30,358 [INFO] IPUIPlugin:79 - create IPUIPlugin
2023-05-20 10:46:30,359 [INFO] PluginManager:219 - loadIPPluginJar : add can
2023-05-20 10:46:30,362 [INFO] IPUIPlugin:79 - create IPUIPlugin
2023-05-20 10:46:30,363 [INFO] PluginManager:219 - loadIPPluginJar : add quadspi
2023-05-20 10:46:30,415 [INFO] IPUIPlugin:79 - create IPUIPlugin
2023-05-20 10:46:30,429 [INFO] PluginManager:219 - loadIPPluginJar : add plateformsettings
2023-05-20 10:46:30,441 [INFO] IPUIPlugin:79 - create IPUIPlugin
2023-05-20 10:46:30,442 [INFO] PluginManager:219 - loadIPPluginJar : add gfxmmu
2023-05-20 10:46:30,450 [INFO] IPUIPlugin:79 - create IPUIPlugin
2023-05-20 10:46:30,451 [INFO] PluginManager:219 - loadIPPluginJar : add fatfs
2023-05-20 10:46:30,457 [INFO] IPUIPlugin:79 - create IPUIPlugin
2023-05-20 10:46:30,458 [INFO] PluginManager:219 - loadIPPluginJar : add gtzc
2023-05-20 10:46:30,464 [INFO] IPUIPlugin:79 - create IPUIPlugin
2023-05-20 10:46:30,466 [INFO] PluginManager:219 - loadIPPluginJar : add openamp
2023-05-20 10:46:30,474 [INFO] IPUIPlugin:79 - create IPUIPlugin
2023-05-20 10:46:30,475 [INFO] PluginManager:219 - loadIPPluginJar : add resmgrutility
2023-05-20 10:46:30,484 [INFO] IPUIPlugin:79 - create IPUIPlugin
2023-05-20 10:46:30,485 [INFO] PluginManager:219 - loadIPPluginJar : add gpio
2023-05-20 10:46:30,493 [INFO] IPUIPlugin:79 - create IPUIPlugin
2023-05-20 10:46:30,494 [INFO] PluginManager:219 - loadIPPluginJar : add opamp
2023-05-20 10:46:30,506 [INFO] IPUIPlugin:79 - create IPUIPlugin
2023-05-20 10:46:30,508 [INFO] PluginManager:219 - loadIPPluginJar : add freertos
2023-05-20 10:46:30,519 [INFO] IPUIPlugin:79 - create IPUIPlugin
2023-05-20 10:46:30,520 [INFO] PluginManager:219 - loadIPPluginJar : add adc
2023-05-20 10:46:30,528 [INFO] IPUIPlugin:79 - create IPUIPlugin
2023-05-20 10:46:30,529 [INFO] PluginManager:219 - loadIPPluginJar : add ipddr
2023-05-20 10:46:30,531 [INFO] IPUIPlugin:79 - create IPUIPlugin
2023-05-20 10:46:30,532 [INFO] PluginManager:219 - loadIPPluginJar : add tsc
2023-05-20 10:46:30,539 [INFO] IPUIPlugin:79 - create IPUIPlugin
2023-05-20 10:46:30,540 [INFO] PluginManager:219 - loadIPPluginJar : add cryp
2023-05-20 10:46:30,545 [INFO] IPUIPlugin:79 - create IPUIPlugin
2023-05-20 10:46:30,545 [INFO] PluginManager:219 - loadIPPluginJar : add pdm2pcm
2023-05-20 10:46:30,558 [INFO] IPUIPlugin:79 - create IPUIPlugin
2023-05-20 10:46:30,559 [INFO] PluginManager:219 - loadIPPluginJar : add hash
2023-05-20 10:46:30,566 [INFO] IPUIPlugin:79 - create IPUIPlugin
2023-05-20 10:46:30,567 [INFO] PluginManager:219 - loadIPPluginJar : add usart
2023-05-20 10:46:30,570 [INFO] IPUIPlugin:79 - create IPUIPlugin
2023-05-20 10:46:30,572 [INFO] PluginManager:219 - loadIPPluginJar : add genericplugin
2023-05-20 10:46:30,586 [INFO] IPUIPlugin:79 - create IPUIPlugin
2023-05-20 10:46:30,588 [INFO] PluginManager:219 - loadIPPluginJar : add dma
2023-05-20 10:46:30,605 [INFO] IPUIPlugin:79 - create IPUIPlugin
2023-05-20 10:46:30,606 [INFO] PluginManager:219 - loadIPPluginJar : add linkedlist
2023-05-20 10:46:30,772 [INFO] CADModel:164 - CPN selected for project level
2023-05-20 10:46:30,773 [INFO] CADModel:113 - Register for checkConnection events
2023-05-20 10:46:30,775 [FATAL] Updater:308 - Updater called before beeing initialized
2023-05-20 10:46:30,775 [ERROR] CADModel:124 - Updater not yet initialized, retry later 
2023-05-20 10:46:31,126 [INFO] CADModel:164 - CPN selected for project level
2023-05-20 10:46:31,127 [INFO] CADModel:113 - Register for checkConnection events
2023-05-20 10:46:31,127 [FATAL] Updater:308 - Updater called before beeing initialized
2023-05-20 10:46:31,128 [ERROR] CADModel:124 - Updater not yet initialized, retry later 
2023-05-20 10:46:31,135 [FATAL] Updater:308 - Updater called before beeing initialized
2023-05-20 10:46:31,324 [FATAL] Updater:308 - Updater called before beeing initialized
2023-05-20 10:46:31,338 [INFO] DbMcusAds:52 - JSON generation date=Tue Mar 07 05:50:55 ART 2023 (1678179055335)
2023-05-20 10:46:31,339 [FATAL] Updater:308 - Updater called before beeing initialized
2023-05-20 10:46:31,409 [WARN] DetailPanel:344 - Failed to get advertising image, set to default
2023-05-20 10:46:31,661 [FATAL] Updater:308 - Updater called before beeing initialized
2023-05-20 10:46:31,674 [FATAL] Updater:308 - Updater called before beeing initialized
2023-05-20 10:46:31,674 [FATAL] Updater:308 - Updater called before beeing initialized
2023-05-20 10:46:31,675 [WARN] DetailPanel:344 - Failed to get advertising image, set to default
2023-05-20 10:46:31,677 [FATAL] Updater:308 - Updater called before beeing initialized
2023-05-20 10:46:31,737 [ERROR] Updater:1120 - MainUpdater not yet initialized. External WinMGr cannot be set.
2023-05-20 10:46:31,742 [INFO] Updater:1056 - Updater Version found : 6.7.0
2023-05-20 10:46:31,778 [INFO] ApplicationProperties:181 - Using Application install path: /home/francesco/st/stm32cubeide_1.11.2_2/plugins/com.st.stm32cube.common.mx_6.7.0.202301130839
2023-05-20 10:46:31,998 [INFO] MainUpdater:2800 - connection check result : 10
2023-05-20 10:46:31,999 [INFO] MainUpdater:3494 - Updater definition file requires update
2023-05-20 10:46:32,000 [INFO] MainUpdater:282 - Updater Check For Update Now.
2023-05-20 10:46:32,002 [INFO] MicroXplorer:481 - Change Database Version : DB.6.0.70
2023-05-20 10:46:32,042 [INFO] ServerAccessManage:474 - Download File updaters.zip
2023-05-20 10:46:32,268 [INFO] FileExtend:239 - Unzip File : updaters.zip
2023-05-20 10:46:32,269 [INFO] FileExtend:254 - Standard Zip Deflate
2023-05-20 10:46:32,415 [WARN] MainUpdater:1186 - Updater busy. Cannot search thirdparties
2023-05-20 10:46:32,416 [INFO] ThirdPartyUpdaterWithRetryManager:96 - Updater plugin is busy. [1/15]
2023-05-20 10:46:32,502 [INFO] ServerAccessManage:474 - Download File PacksControlFlags.xml
2023-05-20 10:46:32,644 [INFO] ServerAccessManage:474 - Download File cubemx.pidx
2023-05-20 10:46:33,557 [INFO] ServerAccessManage:474 - Download File STMicroelectronics.FP-SNS-FLIGHT1.pdsc
2023-05-20 10:46:33,627 [INFO] ServerAccessManage:474 - Download File STMicroelectronics.FP-SNS-MOTENV1.pdsc
2023-05-20 10:46:33,727 [INFO] ServerAccessManage:474 - Download File STMicroelectronics.X-CUBE-AI.pdsc
2023-05-20 10:46:34,432 [INFO] ServerAccessManage:474 - Download File STMicroelectronics.X-CUBE-MEMS1.pdsc
2023-05-20 10:46:35,417 [WARN] MainUpdater:1186 - Updater busy. Cannot search thirdparties
2023-05-20 10:46:35,418 [INFO] ThirdPartyUpdaterWithRetryManager:96 - Updater plugin is busy. [2/15]
2023-05-20 10:46:36,098 [INFO] ServerAccessManage:474 - Download File STMicroelectronics.X-CUBE-TOUCHGFX.pdsc
2023-05-20 10:46:36,699 [INFO] ServerAccessManage:474 - Download File STMicroelectronics.X-CUBE-AZRTOS-G4.pdsc
2023-05-20 10:46:37,135 [WARN] PackLoader:242 - Cannot read IP mode file for STMicroelectronics.FP-SNS-FLIGHT1.5.0.0
2023-05-20 10:46:37,141 [ERROR] RealEvaluatedCondition:430 - Found unsupported composite condition: CLASS='Data Exchange' GROUP='STM32_MetaDataManager'
2023-05-20 10:46:37,142 [ERROR] RealEvaluatedCondition:430 - Found unsupported composite condition: GROUP='STM32_MetaDataManager' CLASS='Data Exchange'
2023-05-20 10:46:37,144 [WARN] PackLoader:242 - Cannot read IP mode file for STMicroelectronics.FP-SNS-MOTENV1.4.3.0
2023-05-20 10:46:37,162 [WARN] PackLoader:242 - Cannot read IP mode file for STMicroelectronics.X-CUBE-AI.8.0.1
2023-05-20 10:46:37,284 [WARN] PackLoader:242 - Cannot read IP mode file for STMicroelectronics.X-CUBE-MEMS1.9.6.0
2023-05-20 10:46:37,304 [INFO] CheckServerUpdateThread:119 - End of CheckServer Thread
2023-05-20 10:46:37,433 [INFO] MainUpdater:2800 - connection check result : 10
2023-05-20 10:46:37,436 [INFO] MainUpdater:2800 - connection check result : 10
2023-05-20 10:46:37,515 [INFO] MicroXplorer:451 - Change Database Path : 
2023-05-20 10:46:37,516 [INFO] MicroXplorer:481 - Change Database Version : DB.6.0.70
2023-05-20 10:46:37,519 [WARN] ThirdParty:845 - waiting for thirdparty lock release [close project]
2023-05-20 10:46:37,781 [WARN] PackLoader:242 - Cannot read IP mode file for STMicroelectronics.X-CUBE-TOUCHGFX.4.21.4
2023-05-20 10:46:37,846 [WARN] PackLoader:242 - Cannot read IP mode file for STMicroelectronics.X-CUBE-AZRTOS-G4.2.0.0
2023-05-20 10:46:37,856 [INFO] PopulateThirdPartyThread:64 - Ending populate Thread
2023-05-20 10:46:37,863 [INFO] ThirdParty:999 - CMSIS Pack Vendor :STMicroelectronics FP-SNS-MOTENV1 4.3.0
2023-05-20 10:46:37,864 [INFO] ThirdParty:999 - CMSIS Pack Vendor :STMicroelectronics FP-SNS-FLIGHT1 5.0.0
2023-05-20 10:46:37,864 [INFO] ThirdParty:999 - CMSIS Pack Vendor :STMicroelectronics X-CUBE-TOUCHGFX 4.21.4
2023-05-20 10:46:37,865 [INFO] ThirdParty:999 - CMSIS Pack Vendor :STMicroelectronics X-CUBE-AZRTOS-G4 2.0.0
2023-05-20 10:46:37,865 [INFO] ThirdParty:999 - CMSIS Pack Vendor :STMicroelectronics X-CUBE-AI 8.0.1
2023-05-20 10:46:37,866 [INFO] ThirdParty:999 - CMSIS Pack Vendor :STMicroelectronics X-CUBE-MEMS1 9.6.0
2023-05-20 10:46:37,868 [INFO] LoadServerUpdatesThread:367 - End of LoadServerUpdate Thread
2023-05-20 10:46:38,698 [WARN] PackLoader:242 - Cannot read IP mode file for STMicroelectronics.X-CUBE-GNSS1.6.0.0
2023-05-20 10:46:38,733 [WARN] PackLoader:242 - Cannot read IP mode file for STMicroelectronics.X-CUBE-AZRTOS-F4.1.1.0
2023-05-20 10:46:38,746 [WARN] PackLoader:242 - Cannot read IP mode file for STMicroelectronics.X-CUBE-SMBUS.2.1.0
2023-05-20 10:46:38,775 [WARN] PackLoader:242 - Cannot read IP mode file for STMicroelectronics.X-CUBE-AZRTOS-F7.1.1.0
2023-05-20 10:46:38,885 [WARN] PackLoader:242 - Cannot read IP mode file for STMicroelectronics.X-CUBE-MEMS1.9.6.0
2023-05-20 10:46:39,323 [ERROR] RealEvaluatedCondition:430 - Found unsupported composite condition: CLASS='Data Exchange' GROUP='STM32_MetaDataManager'
2023-05-20 10:46:39,324 [ERROR] RealEvaluatedCondition:430 - Found unsupported composite condition: CLASS='Data Exchange' GROUP='STM32_MetaDataManager'
2023-05-20 10:46:39,326 [WARN] PackLoader:242 - Cannot read IP mode file for STMicroelectronics.FP-SNS-MOTENV1.4.3.0
2023-05-20 10:46:39,337 [WARN] PackLoader:242 - Cannot read IP mode file for STMicroelectronics.FP-SNS-FLIGHT1.5.0.0
2023-05-20 10:46:39,355 [WARN] PackLoader:242 - Cannot read IP mode file for STMicroelectronics.X-CUBE-BLE1.6.2.4
2023-05-20 10:46:39,392 [WARN] PackLoader:242 - Cannot read IP mode file for emotas.I-CUBE-CANOPEN.1.1.3
2023-05-20 10:46:39,413 [WARN] PackLoader:242 - Cannot read IP mode file for STMicroelectronics.X-CUBE-BLEMGR.2.0.0
2023-05-20 10:46:39,464 [WARN] ConditionMgr:437 - getConditionDescription Invalid condition id : UX DEVICE CLASS RTOS Condition cause : null
2023-05-20 10:46:39,465 [WARN] ConditionMgr:437 - getConditionDescription Invalid condition id : UX DEVICE CLASS RTOS Condition cause : null
2023-05-20 10:46:39,478 [WARN] PackLoader:242 - Cannot read IP mode file for STMicroelectronics.X-CUBE-AZRTOS-H7.3.1.0
2023-05-20 10:46:39,482 [WARN] ConditionMgr:1038 - genDependencies : Invalid condition id : UX DEVICE CLASS RTOS Condition cause : null
2023-05-20 10:46:39,482 [WARN] ConditionMgr:1038 - genDependencies : Invalid condition id : UX DEVICE CLASS RTOS Condition cause : null
2023-05-20 10:46:39,485 [WARN] ConditionMgr:1038 - genDependencies : Invalid condition id : UX DEVICE CLASS RTOS Condition cause : null
2023-05-20 10:46:39,486 [WARN] ConditionMgr:1038 - genDependencies : Invalid condition id : UX DEVICE CLASS RTOS Condition cause : null
2023-05-20 10:46:39,487 [WARN] ConditionMgr:1038 - genDependencies : Invalid condition id : UX DEVICE CLASS RTOS Condition cause : null
2023-05-20 10:46:39,506 [WARN] PackLoader:242 - Cannot read IP mode file for STMicroelectronics.X-CUBE-DISPLAY.3.0.0
2023-05-20 10:46:39,523 [WARN] PackLoader:242 - Cannot read IP mode file for wolfSSL.I-CUBE-wolfSSL.5.5.4
2023-05-20 10:46:39,534 [WARN] PackLoader:242 - Cannot read IP mode file for STMicroelectronics.X-CUBE-NFC7.1.0.0
2023-05-20 10:46:39,549 [WARN] PackLoader:242 - Cannot read IP mode file for STMicroelectronics.X-CUBE-EEPRMA1.4.1.0
2023-05-20 10:46:39,577 [WARN] PackLoader:242 - Cannot read IP mode file for WES.I-CUBE-Cesium.1.3.0
2023-05-20 10:46:39,590 [WARN] PackLoader:242 - Cannot read IP mode file for STMicroelectronics.X-CUBE-SFXS2LP1.4.0.0
2023-05-20 10:46:39,601 [WARN] PackLoader:242 - Cannot read IP mode file for STMicroelectronics.X-CUBE-BLE2.3.3.0
2023-05-20 10:46:39,622 [WARN] PackLoader:242 - Cannot read IP mode file for STMicroelectronics.X-CUBE-TOF1.3.2.0
2023-05-20 10:46:39,688 [WARN] PackLoader:242 - Cannot read IP mode file for STMicroelectronics.X-CUBE-AZRTOS-H7.3.0.0
2023-05-20 10:46:39,706 [WARN] PackLoader:242 - Cannot read IP mode file for STMicroelectronics.X-CUBE-ISPU.1.1.0
2023-05-20 10:46:39,733 [WARN] PackLoader:242 - Cannot read IP mode file for RoweBots.I-CUBE-UNISONRTOS.5.5.0-4
2023-05-20 10:46:39,743 [WARN] PackLoader:242 - Cannot read IP mode file for STMicroelectronics.X-CUBE-AI.8.0.0
2023-05-20 10:46:39,750 [WARN] PackLoader:242 - Cannot read IP mode file for STMicroelectronics.X-CUBE-FREERTOS.1.0.0
2023-05-20 10:46:39,756 [WARN] PackLoader:242 - Cannot read IP mode file for STMicroelectronics.X-CUBE-FREERTOS.1.0.1
2023-05-20 10:46:39,761 [WARN] PackLoader:242 - Cannot read IP mode file for STMicroelectronics.X-CUBE-TOUCHGFX.4.21.1
2023-05-20 10:46:39,765 [WARN] PackLoader:242 - Cannot read IP mode file for STMicroelectronics.X-CUBE-TOUCHGFX.4.21.3
2023-05-20 10:46:39,769 [WARN] PackLoader:242 - Cannot read IP mode file for STMicroelectronics.X-CUBE-TOUCHGFX.4.21.4
2023-05-20 10:46:39,777 [WARN] PackLoader:242 - Cannot read IP mode file for STMicroelectronics.X-CUBE-ALGOBUILD.1.3.0
2023-05-20 10:46:39,797 [WARN] PackLoader:242 - Cannot read IP mode file for STMicroelectronics.X-CUBE-AZRTOS-L5.1.1.0
2023-05-20 10:46:39,818 [WARN] PackLoader:242 - Cannot read IP mode file for STMicroelectronics.X-CUBE-AZRTOS-G0.1.1.0
2023-05-20 10:46:39,825 [WARN] PackLoader:242 - Cannot read IP mode file for STMicroelectronics.X-CUBE-AI.8.0.1
2023-05-20 10:46:39,849 [WARN] PackLoader:242 - Cannot read IP mode file for STMicroelectronics.X-CUBE-SUBG2.5.0.0
2023-05-20 10:46:39,864 [WARN] PackLoader:242 - Cannot read IP mode file for STMicroelectronics.X-CUBE-NFC4.3.0.0
2023-05-20 10:46:39,899 [WARN] PackLoader:242 - Cannot read IP mode file for STMicroelectronics.X-CUBE-AZRTOS-G4.2.0.0
2023-05-20 10:46:39,922 [WARN] PackLoader:242 - Cannot read IP mode file for STMicroelectronics.X-CUBE-TOF1.3.3.0
2023-05-20 10:46:39,951 [WARN] PackLoader:242 - Cannot read IP mode file for STMicroelectronics.FP-ATR-ASTRA1.1.1.1
2023-05-20 10:46:39,977 [WARN] PackLoader:242 - Cannot read IP mode file for STMicroelectronics.X-CUBE-AZRTOS-G4.1.0.0
2023-05-20 10:46:39,990 [WARN] PackLoader:242 - Cannot read IP mode file for STMicroelectronics.FP-ATR-SIGFOX1.3.2.0
2023-05-20 10:46:40,040 [WARN] PackLoader:242 - Cannot read IP mode file for STMicroelectronics.X-CUBE-AZRTOS-L4.1.0.0
2023-05-20 10:46:40,075 [WARN] PackLoader:242 - Cannot read IP mode file for STMicroelectronics.X-CUBE-AZRTOS-WL.1.0.0
2023-05-20 10:46:40,089 [WARN] PackLoader:242 - Cannot read IP mode file for portGmbH.I-Cube-SoM-uGOAL.1.1.0
2023-05-20 10:46:40,097 [WARN] PackLoader:242 - Cannot read IP mode file for STMicroelectronics.X-CUBE-ALS.1.0.1
2023-05-20 10:46:40,207 [WARN] PackLoader:242 - Cannot read IP mode file for STMicroelectronics.X-CUBE-MEMS1.9.5.0
2023-05-20 10:46:40,885 [WARN] PackLoader:242 - Cannot read IP mode file for STMicroelectronics.X-CUBE-AZRTOS-WB.1.1.0
2023-05-20 10:46:40,972 [WARN] PackLoader:242 - Cannot read IP mode file for SEGGER.I-CUBE-embOS.1.3.1
2023-05-20 10:46:41,127 [WARN] PackLoader:242 - Cannot read IP mode file for STMicroelectronics.FP-ATR-ASTRA1.2.0.0
2023-05-20 10:46:41,130 [INFO] ThirdParty:947 - Integrity check success = true
2023-05-20 10:46:41,131 [INFO] IntegrityCheckThread:98 - exiting critical section [integrity check]
2023-05-20 10:46:41,132 [INFO] IntegrityCheckThread:101 - End integrity checks thread
2023-05-20 10:46:41,132 [INFO] ThirdParty:847 - entering critical section [close project]
2023-05-20 10:46:41,136 [INFO] ThirdParty:857 - exiting critical section [close project]
2023-05-20 10:46:41,167 [INFO] PinOutPanel:1477 - setPackage(No Configuration,No Configuration)
2023-05-20 10:46:41,199 [INFO] UtilMem:74 - Begin LoadConfig() Used Memory: 470428984 Bytes (577765376)
2023-05-20 10:48:28,411 [INFO] MicroXplorer:451 - Change Database Path : 
2023-05-20 10:48:28,412 [INFO] MicroXplorer:481 - Change Database Version : DB.6.0.70
2023-05-20 10:48:28,413 [INFO] OpenFileManager:307 - Change cursor
2023-05-20 10:48:28,465 [INFO] Mcu:1925 - Initializing MCU STM32F429ZITx STM32F429ZITx STM32F429ZIT6
2023-05-20 10:48:31,115 [INFO] Context:654 - Trying to add GPIOservice into a context  which must be forbidden
2023-05-20 10:48:31,862 [INFO] Rule:225 - rule Change Default Value for LSE Drive Capability for WB family is applicable
2023-05-20 10:48:31,863 [INFO] Rule:225 - rule change FDCAN default value is applicable
2023-05-20 10:48:31,864 [INFO] DbConfProperties:305 - Apply Compatibility (1/2 Rules)
2023-05-20 10:48:32,294 [INFO] RtosManager:489 - Registered RTOS mode: class=CMSIS, group=RTOS, mode=CMSIS_V1, owner=FREERTOS
2023-05-20 10:48:32,294 [INFO] RtosManager:489 - Registered RTOS mode: class=CMSIS, group=RTOS2, mode=CMSIS_V2, owner=FREERTOS
2023-05-20 10:48:32,295 [INFO] RtosManager:489 - Registered RTOS mode: class=RTOS, group=Core, mode=CMSIS_V1, owner=FREERTOS
2023-05-20 10:48:32,295 [INFO] RtosManager:489 - Registered RTOS mode: class=RTOS, group=Core, mode=CMSIS_V2, owner=FREERTOS
2023-05-20 10:48:32,296 [WARN] ModelIntegratedComponent:185 - Missing modes for component STMicroelectronics:FreeRTOS:0.0.1:STMicroelectronics:RTOS:FreeRTOS:Core:::10.2.0:
2023-05-20 10:48:32,317 [WARN] ModelIntegratedComponent:64 - No mode defined for component null
2023-05-20 10:48:32,318 [WARN] ModelIntegratedComponent:64 - No mode defined for component null
2023-05-20 10:48:32,318 [WARN] ModelIntegratedComponent:64 - No mode defined for component null
2023-05-20 10:48:32,318 [WARN] ModelIntegratedComponent:64 - No mode defined for component null
2023-05-20 10:48:32,319 [WARN] ModelIntegratedComponent:64 - No mode defined for component null
2023-05-20 10:48:32,319 [WARN] ModelIntegratedComponent:64 - No mode defined for component null
2023-05-20 10:48:32,319 [WARN] ModelIntegratedComponent:64 - No mode defined for component null
2023-05-20 10:48:32,319 [WARN] ModelIntegratedComponent:64 - No mode defined for component null
2023-05-20 10:48:32,320 [WARN] ModelIntegratedComponent:64 - No mode defined for component null
2023-05-20 10:48:32,321 [WARN] ModelIntegratedComponent:64 - No mode defined for component null
2023-05-20 10:48:32,321 [WARN] ModelIntegratedComponent:64 - No mode defined for component null
2023-05-20 10:48:32,322 [WARN] ModelIntegratedComponent:64 - No mode defined for component null
2023-05-20 10:48:32,322 [WARN] ModelIntegratedComponent:64 - No mode defined for component null
2023-05-20 10:48:32,322 [WARN] ModelIntegratedComponent:64 - No mode defined for component null
2023-05-20 10:48:32,322 [WARN] ModelIntegratedComponent:64 - No mode defined for component null
2023-05-20 10:48:32,323 [WARN] ModelIntegratedComponent:64 - No mode defined for component null
2023-05-20 10:48:32,323 [WARN] ModelIntegratedComponent:64 - No mode defined for component null
2023-05-20 10:48:32,323 [WARN] ModelIntegratedComponent:64 - No mode defined for component null
2023-05-20 10:48:32,323 [WARN] ModelIntegratedComponent:64 - No mode defined for component null
2023-05-20 10:48:32,324 [WARN] ModelIntegratedComponent:64 - No mode defined for component null
2023-05-20 10:48:32,324 [WARN] ModelIntegratedComponent:64 - No mode defined for component null
2023-05-20 10:48:32,324 [WARN] ModelIntegratedComponent:64 - No mode defined for component null
2023-05-20 10:48:32,324 [WARN] ModelIntegratedComponent:64 - No mode defined for component null
2023-05-20 10:48:32,324 [WARN] ModelIntegratedComponent:64 - No mode defined for component null
2023-05-20 10:48:32,324 [WARN] ModelIntegratedComponent:64 - No mode defined for component null
2023-05-20 10:48:32,324 [WARN] ModelIntegratedComponent:64 - No mode defined for component null
2023-05-20 10:48:32,325 [WARN] ModelIntegratedComponent:64 - No mode defined for component null
2023-05-20 10:48:32,325 [WARN] ModelIntegratedComponent:64 - No mode defined for component null
2023-05-20 10:48:32,325 [WARN] ModelIntegratedComponent:64 - No mode defined for component null
2023-05-20 10:48:32,325 [WARN] ModelIntegratedComponent:64 - No mode defined for component null
2023-05-20 10:48:32,325 [WARN] ModelIntegratedComponent:64 - No mode defined for component null
2023-05-20 10:48:32,326 [WARN] ModelIntegratedComponent:64 - No mode defined for component null
2023-05-20 10:48:32,326 [WARN] ModelIntegratedComponent:64 - No mode defined for component null
2023-05-20 10:48:32,492 [INFO] ThirdPartyModel:294 - Start build external matchings
2023-05-20 10:48:33,399 [INFO] ThirdPartyModel:310 - End build external matchings
2023-05-20 10:48:33,445 [INFO] ImportTextPane:193 - (OptionalMessage_ERROR) IP (RCC) : Invalid parameter (ADC12outputFreq_Value)
2023-05-20 10:48:33,445 [INFO] ImportTextPane:193 - (OptionalMessage_ERROR) IP (RCC) : Invalid parameter (ADC34outputFreq_Value)
2023-05-20 10:48:33,446 [INFO] ImportTextPane:193 - (OptionalMessage_ERROR) IP (RCC) : Invalid parameter (FamilyName)
2023-05-20 10:48:33,447 [INFO] ImportTextPane:193 - (OptionalMessage_ERROR) IP (RCC) : Invalid parameter (I2C1Freq_Value)
2023-05-20 10:48:33,447 [INFO] ImportTextPane:193 - (OptionalMessage_ERROR) IP (RCC) : Invalid parameter (I2C2Freq_Value)
2023-05-20 10:48:33,447 [INFO] ImportTextPane:193 - (OptionalMessage_ERROR) IP (RCC) : Invalid parameter (I2C3Freq_Value)
2023-05-20 10:48:33,452 [INFO] ImportTextPane:193 - (OptionalMessage_ERROR) IP (RCC) : Parameter (MCO2PinFreq_Value) has invalid value (168000000)
2023-05-20 10:48:33,452 [INFO] ImportTextPane:193 - (OptionalMessage_ERROR) IP (RCC) : Invalid parameter (MCOFreq_Value)
2023-05-20 10:48:33,453 [INFO] ImportTextPane:193 - (OptionalMessage_ERROR) IP (RCC) : Invalid parameter (PLLMCOFreq_Value)
2023-05-20 10:48:33,453 [INFO] ImportTextPane:193 - (OptionalMessage_ERROR) IP (RCC) : Invalid parameter (PLLMUL)
2023-05-20 10:48:33,453 [INFO] ImportTextPane:193 - (OptionalMessage_ERROR) IP (RCC) : Invalid parameter (PRESCALERUSB)
2023-05-20 10:48:33,454 [INFO] ImportTextPane:193 - (OptionalMessage_ERROR) IP (RCC) : Parameter (RTCHSEDivFreq_Value) has invalid value (4000000)
2023-05-20 10:48:33,454 [INFO] ImportTextPane:193 - (OptionalMessage_ERROR) IP (RCC) : Invalid parameter (SYSCLKSourceVirtual)
2023-05-20 10:48:33,454 [INFO] ImportTextPane:193 - (OptionalMessage_ERROR) IP (RCC) : Invalid parameter (TIM15Freq_Value)
2023-05-20 10:48:33,455 [INFO] ImportTextPane:193 - (OptionalMessage_ERROR) IP (RCC) : Invalid parameter (TIM16Freq_Value)
2023-05-20 10:48:33,455 [INFO] ImportTextPane:193 - (OptionalMessage_ERROR) IP (RCC) : Invalid parameter (TIM17Freq_Value)
2023-05-20 10:48:33,455 [INFO] ImportTextPane:193 - (OptionalMessage_ERROR) IP (RCC) : Invalid parameter (TIM1Freq_Value)
2023-05-20 10:48:33,455 [INFO] ImportTextPane:193 - (OptionalMessage_ERROR) IP (RCC) : Invalid parameter (TIM20Freq_Value)
2023-05-20 10:48:33,456 [INFO] ImportTextPane:193 - (OptionalMessage_ERROR) IP (RCC) : Invalid parameter (TIM2Freq_Value)
2023-05-20 10:48:33,456 [INFO] ImportTextPane:193 - (OptionalMessage_ERROR) IP (RCC) : Invalid parameter (TIM3Freq_Value)
2023-05-20 10:48:33,456 [INFO] ImportTextPane:193 - (OptionalMessage_ERROR) IP (RCC) : Invalid parameter (TIM8Freq_Value)
2023-05-20 10:48:33,456 [INFO] ImportTextPane:193 - (OptionalMessage_ERROR) IP (RCC) : Invalid parameter (UART4Freq_Value)
2023-05-20 10:48:33,456 [INFO] ImportTextPane:193 - (OptionalMessage_ERROR) IP (RCC) : Invalid parameter (UART5Freq_Value)
2023-05-20 10:48:33,457 [INFO] ImportTextPane:193 - (OptionalMessage_ERROR) IP (RCC) : Invalid parameter (USART1Freq_Value)
2023-05-20 10:48:33,457 [INFO] ImportTextPane:193 - (OptionalMessage_ERROR) IP (RCC) : Invalid parameter (USART2Freq_Value)
2023-05-20 10:48:33,457 [INFO] ImportTextPane:193 - (OptionalMessage_ERROR) IP (RCC) : Invalid parameter (USART3Freq_Value)
2023-05-20 10:48:33,457 [INFO] ImportTextPane:193 - (OptionalMessage_ERROR) IP (RCC) : Invalid parameter (USBFreq_Value)
2023-05-20 10:48:33,458 [INFO] ImportTextPane:193 - (OptionalMessage_ERROR) IP (RCC) : Invalid parameter (VCOOutput2Freq_Value)
2023-05-20 10:48:33,957 [INFO] UtilMem:74 - End LoadConfig() Used Memory: 464743472 Bytes (577765376)
2023-05-20 10:48:34,127 [INFO] ApiDb:580 - Connected to CubeFinder SQLite database (/home/francesco/.stmcufinder/plugins/mcufinder/mcu/cube-finder-db.db)
2023-05-20 10:48:34,203 [INFO] ApiDb:667 - CubeFinder database Data Model version=2.1
2023-05-20 10:48:34,204 [INFO] ApiDb:668 - CubeFinder database Configuration version=3.0.35
2023-05-20 10:48:34,204 [INFO] ApiDb:669 - CubeFinder database generation date=2023-03-10 (1678456172)
2023-05-20 10:48:34,205 [INFO] ApiDb:670 - CubeFinder database FW Pack versions=[FP-ATR-ASTRA1_V1.1.1, STM32Cube_FW_C0_V1.0.1, STM32Cube_FW_F0_V1.11.4, STM32Cube_FW_F3_V1.11.4, STM32Cube_FW_F4_V1.27.1, STM32Cube_FW_F7_V1.17.0, STM32Cube_FW_G0_V1.6.1, STM32Cube_FW_G4_V1.5.1, STM32Cube_FW_H5_V0.5.1, STM32Cube_FW_H5_V1.0.0, STM32Cube_FW_H7_V1.11.0, STM32Cube_FW_L0_V1.12.2, STM32Cube_FW_L5_V1.5.0, STM32Cube_FW_U5_V1.2.0, STM32Cube_FW_WBA_V1.0.0, STM32Cube_FW_WBA_V1.0.0RC1, STM32Cube_FW_WBA_V1.0.0RC3, STM32Cube_FW_WB_V1.15.0RC1, STM32Cube_FW_WB_V1.16.0, STM32Cube_FW_WB_V1.16.0RC2, STM32Cube_FW_WL_V1.3.0, X-CUBE-ALGOBUILD_V1.3.0, X-CUBE-ALS_V1.0.1, X-CUBE-AZRTOS-F4_V1.1.0, X-CUBE-AZRTOS-F7_V1.1.0, X-CUBE-AZRTOS-G0_V1.1.0, X-CUBE-AZRTOS-G4_V1.0.0, X-CUBE-AZRTOS-H7_V3.0.0, X-CUBE-AZRTOS-L4_V1.0.0, X-CUBE-AZRTOS-L5_V1.1.0, X-CUBE-AZRTOS-WB_V1.1.0, X-CUBE-AZRTOS-WL_V1.0.0, X-CUBE-BLE1_V6.2.4, X-CUBE-BLE2_V3.3.0, X-CUBE-BLEMGR_V1.3.0, X-CUBE-EEPRMA1_V4.1.0, X-CUBE-GNSS1_V6.0.0, X-CUBE-MEMS1_V9.1.0, X-CUBE-MEMS1_V9.4.0, X-CUBE-MEMS1_V9.5.0, X-CUBE-NFC4_V3.0.0, X-CUBE-NFC7_V1.0.0, X-CUBE-SFXS2LP1_V4.0.0, X-CUBE-SUBG2_V5.0.0]
2023-05-20 10:48:36,927 [INFO] ApiDb:239 - Found 143 in-development CPN: [B-WB1M-WPAN1, B-WL5M-SUBG1, NUCLEO-C031C6, STEVAL-PROTEUS1, STEVAL-STWINBX1, STM320518-EVAL, STM32C0116-DK, STM32C011D6Y3TR, STM32C011D6Y6TR, STM32C011F4P3, STM32C011F4P6, STM32C011F4U3, STM32C011F4U6TR, STM32C011F6P3, STM32C011F6P6, STM32C011F6U3, STM32C011F6U6TR, STM32C011J4M3, STM32C011J4M6, STM32C011J6M3, STM32C011J6M6, STM32C0316-DK, STM32C031C4T3, STM32C031C4T6, STM32C031C4U3, STM32C031C4U6, STM32C031C6T3, STM32C031C6T6, STM32C031C6U3, STM32C031C6U6, STM32C031F4P3, STM32C031F4P6, STM32C031F6P3, STM32C031F6P6, STM32C031G4U3, STM32C031G4U6, STM32C031G6U3, STM32C031G6U6, STM32C031K4T3, STM32C031K4T6, STM32C031K4U3, STM32C031K4U6, STM32C031K6T3, STM32C031K6T6, STM32C031K6U3, STM32C031K6U6, STM32G071K8TXN, STM32G071K8UXN, STM32G081GBU6N, STM32G081KBT6N, STM32G081KBUXN, STM32G0B1CCT6N, STM32G0B1KCT6, STM32G0B1NEY6TR, STM32G0B1RCT6N, STM32G0C1CCT6, STM32G0C1CCT6N, STM32G0C1CCU6N, STM32G0C1CET6N, STM32G0C1CEU6N, STM32G0C1KCT6, STM32G0C1NEY6TR, STM32G0C1RCI6N, STM32G0C1RCT6N, STM32G0C1REI6N, STM32G0C1RET6N, STM32G0C1VCI6, STM32G0C1VEI6, STM32G471CCT6, STM32G471CCU6, STM32G471CET3, STM32G471CET6, STM32G471CEU3, STM32G471CEU6, STM32G471MCT6, STM32G471MET3, STM32G471MET6, STM32G471MEY6TR, STM32G471QCT6, STM32G471QET3, STM32G471RCT6, STM32G471RET3, STM32G471RET6, STM32G471VCH6, STM32G471VCI6, STM32G471VCT6, STM32G471VEH3, STM32G471VEH6, STM32G471VEI3, STM32G471VEI6, STM32G471VET3, STM32G471VET6, STM32G474CCT6, STM32L476VGY6PTR, STM32L4R5QGI6STR, STM32MP131AAE3, STM32MP131AAF3, STM32MP131AAG3, STM32MP131CAE3, STM32MP131CAF3, STM32MP131CAG3, STM32MP131DAE7, STM32MP131DAF7, STM32MP131DAG7, STM32MP131FAE7, STM32MP131FAF7, STM32MP131FAG7, STM32MP133AAE3, STM32MP133AAF3, STM32MP133AAG3, STM32MP133CAE3, STM32MP133CAF3, STM32MP133CAG3, STM32MP133DAE7, STM32MP133DAF7, STM32MP133DAG7, STM32MP133FAE7, STM32MP133FAF7, STM32MP133FAG7, STM32MP135AAE3, STM32MP135AAF3, STM32MP135AAG3, STM32MP135CAE3, STM32MP135CAF3, STM32MP135CAG3, STM32MP135DAE7, STM32MP135DAF7, STM32MP135DAG7, STM32MP135F-DK, STM32MP135FAE7, STM32MP135FAF7, STM32MP135FAF7T, STM32MP135FAF7U, STM32MP135FAG7, STM32U595ZJT6Q, STM32U599BJY6QTR, STM32U599NIH6Q, STM32U599NJH6Q, STM32U5A5ZJT6Q, STM32U5A9BJY6QTR, STM32U5A9NJH6Q, STM32WB1MMCH6, STM32WL5MOCH6TR]
2023-05-20 10:48:36,931 [INFO] DbMcus:215 - Found 3680 MCUs, 3680 are supported
2023-05-20 10:48:36,933 [INFO] ApiDb:422 - Load user favorites file /home/francesco/.stm32cubeide/favorites.mcus.txt: 0 item(s)
2023-05-20 10:48:36,934 [INFO] ApiDb:426 - User favorites MCUs=[]
2023-05-20 10:48:36,935 [INFO] DbMcus:221 - Set 0 / 0 favorites MCUs
2023-05-20 10:48:37,552 [WARN] ThirdParty:807 - waiting for thirdparty lock release [change project]
2023-05-20 10:48:37,553 [INFO] ThirdParty:809 - entering critical section [change project]
2023-05-20 10:48:37,553 [INFO] ThirdParty:999 - CMSIS Pack Vendor :STMicroelectronics X-CUBE-ISPU 1.1.0
2023-05-20 10:48:37,554 [INFO] ThirdParty:999 - CMSIS Pack Vendor :RoweBots I-CUBE-UNISONRTOS 5.5.0-4
2023-05-20 10:48:37,554 [INFO] ThirdParty:999 - CMSIS Pack Vendor :STMicroelectronics X-CUBE-GNSS1 6.0.0
2023-05-20 10:48:37,554 [INFO] ThirdParty:999 - CMSIS Pack Vendor :STMicroelectronics USB_HOST 2.0.0
2023-05-20 10:48:37,555 [INFO] ThirdParty:999 - CMSIS Pack Vendor :STMicroelectronics X-CUBE-AZRTOS-F4 1.1.0
2023-05-20 10:48:37,555 [INFO] ThirdParty:999 - CMSIS Pack Vendor :STMicroelectronics LIBJPEG 8.0.0
2023-05-20 10:48:37,555 [INFO] ThirdParty:999 - CMSIS Pack Vendor :STMicroelectronics X-CUBE-SMBUS 2.1.0
2023-05-20 10:48:37,555 [INFO] ThirdParty:999 - CMSIS Pack Vendor :STMicroelectronics USB_DEVICE 3.0.0
2023-05-20 10:48:37,556 [INFO] ThirdParty:999 - CMSIS Pack Vendor :STMicroelectronics X-CUBE-AI 8.0.0
2023-05-20 10:48:37,556 [INFO] ThirdParty:999 - CMSIS Pack Vendor :STMicroelectronics X-CUBE-FREERTOS 1.0.0
2023-05-20 10:48:37,556 [INFO] ThirdParty:999 - CMSIS Pack Vendor :STMicroelectronics X-CUBE-FREERTOS 1.0.1
2023-05-20 10:48:37,556 [INFO] ThirdParty:999 - CMSIS Pack Vendor :STMicroelectronics X-CUBE-TOUCHGFX 4.21.1
2023-05-20 10:48:37,556 [INFO] ThirdParty:999 - CMSIS Pack Vendor :STMicroelectronics X-CUBE-TOUCHGFX 4.21.3
2023-05-20 10:48:37,556 [INFO] ThirdParty:999 - CMSIS Pack Vendor :STMicroelectronics X-CUBE-AZRTOS-F7 1.1.0
2023-05-20 10:48:37,556 [INFO] ThirdParty:999 - CMSIS Pack Vendor :STMicroelectronics X-CUBE-TOUCHGFX 4.21.4
2023-05-20 10:48:37,556 [INFO] ThirdParty:999 - CMSIS Pack Vendor :STMicroelectronics USB_DEVICE 2.0.0
2023-05-20 10:48:37,556 [INFO] ThirdParty:999 - CMSIS Pack Vendor :STMicroelectronics X-CUBE-MEMS1 9.6.0
2023-05-20 10:48:37,556 [INFO] ThirdParty:999 - CMSIS Pack Vendor :STMicroelectronics FP-SNS-MOTENV1 4.3.0
2023-05-20 10:48:37,556 [INFO] ThirdParty:999 - CMSIS Pack Vendor :STMicroelectronics FP-SNS-FLIGHT1 5.0.0
2023-05-20 10:48:37,556 [INFO] ThirdParty:999 - CMSIS Pack Vendor :STMicroelectronics X-CUBE-ALGOBUILD 1.3.0
2023-05-20 10:48:37,556 [INFO] ThirdParty:999 - CMSIS Pack Vendor :STMicroelectronics X-CUBE-BLE1 6.2.4
2023-05-20 10:48:37,557 [INFO] ThirdParty:999 - CMSIS Pack Vendor :STMicroelectronics X-CUBE-AZRTOS-L5 1.1.0
2023-05-20 10:48:37,557 [INFO] ThirdParty:999 - CMSIS Pack Vendor :STMicroelectronics FreeRTOS 0.0.1
2023-05-20 10:48:37,557 [INFO] ThirdParty:999 - CMSIS Pack Vendor :emotas I-CUBE-CANOPEN 1.1.3
2023-05-20 10:48:37,557 [INFO] ThirdParty:999 - CMSIS Pack Vendor :STMicroelectronics X-CUBE-AZRTOS-G0 1.1.0
2023-05-20 10:48:37,557 [INFO] ThirdParty:999 - CMSIS Pack Vendor :STMicroelectronics X-CUBE-BLEMGR 2.0.0
2023-05-20 10:48:37,557 [INFO] ThirdParty:999 - CMSIS Pack Vendor :STMicroelectronics X-CUBE-AI 8.0.1
2023-05-20 10:48:37,557 [INFO] ThirdParty:999 - CMSIS Pack Vendor :STMicroelectronics X-CUBE-SUBG2 5.0.0
2023-05-20 10:48:37,557 [INFO] ThirdParty:999 - CMSIS Pack Vendor :STMicroelectronics X-CUBE-NFC4 3.0.0
2023-05-20 10:48:37,558 [INFO] ThirdParty:999 - CMSIS Pack Vendor :STMicroelectronics STM32_WPAN 1.0.0
2023-05-20 10:48:37,558 [INFO] ThirdParty:999 - CMSIS Pack Vendor :STMicroelectronics lwIP 2.0.3
2023-05-20 10:48:37,558 [INFO] ThirdParty:999 - CMSIS Pack Vendor :STMicroelectronics USB_HOST 1.0.0
2023-05-20 10:48:37,558 [INFO] ThirdParty:999 - CMSIS Pack Vendor :STMicroelectronics X-CUBE-AZRTOS-G4 2.0.0
2023-05-20 10:48:37,558 [INFO] ThirdParty:999 - CMSIS Pack Vendor :STMicroelectronics PDM2PCM 3.1.0
2023-05-20 10:48:37,558 [INFO] ThirdParty:999 - CMSIS Pack Vendor :STMicroelectronics X-CUBE-AZRTOS-H7 3.1.0
2023-05-20 10:48:37,558 [INFO] ThirdParty:999 - CMSIS Pack Vendor :STMicroelectronics X-CUBE-TOF1 3.3.0
2023-05-20 10:48:37,558 [INFO] ThirdParty:999 - CMSIS Pack Vendor :STMicroelectronics FP-ATR-ASTRA1 1.1.1
2023-05-20 10:48:37,558 [INFO] ThirdParty:999 - CMSIS Pack Vendor :STMicroelectronics PDM2PCM 3.3.0
2023-05-20 10:48:37,558 [INFO] ThirdParty:999 - CMSIS Pack Vendor :STMicroelectronics X-CUBE-DISPLAY 3.0.0
2023-05-20 10:48:37,558 [INFO] ThirdParty:999 - CMSIS Pack Vendor :STMicroelectronics X-CUBE-AZRTOS-G4 1.0.0
2023-05-20 10:48:37,558 [INFO] ThirdParty:999 - CMSIS Pack Vendor :STMicroelectronics FP-ATR-SIGFOX1 3.2.0
2023-05-20 10:48:37,558 [INFO] ThirdParty:999 - CMSIS Pack Vendor :wolfSSL I-CUBE-wolfSSL 5.5.4
2023-05-20 10:48:37,558 [INFO] ThirdParty:999 - CMSIS Pack Vendor :STMicroelectronics X-CUBE-AZRTOS-L4 1.0.0
2023-05-20 10:48:37,558 [INFO] ThirdParty:999 - CMSIS Pack Vendor :STMicroelectronics HAL Drivers 0.0.0
2023-05-20 10:48:37,558 [INFO] ThirdParty:999 - CMSIS Pack Vendor :STMicroelectronics MBEDTLS 2.16.2
2023-05-20 10:48:37,559 [INFO] ThirdParty:999 - CMSIS Pack Vendor :STMicroelectronics MBEDTLS 2.14.1
2023-05-20 10:48:37,559 [INFO] ThirdParty:999 - CMSIS Pack Vendor :STMicroelectronics X-CUBE-NFC7 1.0.0
2023-05-20 10:48:37,559 [INFO] ThirdParty:999 - CMSIS Pack Vendor :STMicroelectronics X-CUBE-AZRTOS-WL 1.0.0
2023-05-20 10:48:37,559 [INFO] ThirdParty:999 - CMSIS Pack Vendor :STMicroelectronics X-CUBE-EEPRMA1 4.1.0
2023-05-20 10:48:37,559 [INFO] ThirdParty:999 - CMSIS Pack Vendor :portGmbH I-Cube-SoM-uGOAL 1.1.0
2023-05-20 10:48:37,559 [INFO] ThirdParty:999 - CMSIS Pack Vendor :STMicroelectronics X-CUBE-ALS 1.0.1
2023-05-20 10:48:37,559 [INFO] ThirdParty:999 - CMSIS Pack Vendor :STMicroelectronics X-CUBE-MEMS1 9.5.0
2023-05-20 10:48:37,559 [INFO] ThirdParty:999 - CMSIS Pack Vendor :STMicroelectronics ThreadX 1.0.0
2023-05-20 10:48:37,559 [INFO] ThirdParty:999 - CMSIS Pack Vendor :STMicroelectronics X-CUBE-AZRTOS-WB 1.1.0
2023-05-20 10:48:37,559 [INFO] ThirdParty:999 - CMSIS Pack Vendor :SEGGER I-CUBE-embOS 1.3.1
2023-05-20 10:48:37,559 [INFO] ThirdParty:999 - CMSIS Pack Vendor :STMicroelectronics USB_DEVICE 1.0.0
2023-05-20 10:48:37,559 [INFO] ThirdParty:999 - CMSIS Pack Vendor :STMicroelectronics ThreadX 0.0.2
2023-05-20 10:48:37,559 [INFO] ThirdParty:999 - CMSIS Pack Vendor :WES I-CUBE-Cesium 1.3.0
2023-05-20 10:48:37,559 [INFO] ThirdParty:999 - CMSIS Pack Vendor :STMicroelectronics FP-ATR-ASTRA1 2.0.0
2023-05-20 10:48:37,559 [INFO] ThirdParty:999 - CMSIS Pack Vendor :STMicroelectronics lwIP 2.1.2
2023-05-20 10:48:37,560 [INFO] ThirdParty:999 - CMSIS Pack Vendor :STMicroelectronics X-CUBE-SFXS2LP1 4.0.0
2023-05-20 10:48:37,560 [INFO] ThirdParty:999 - CMSIS Pack Vendor :STMicroelectronics X-CUBE-BLE2 3.3.0
2023-05-20 10:48:37,560 [INFO] ThirdParty:999 - CMSIS Pack Vendor :STMicroelectronics X-CUBE-TOF1 3.2.0
2023-05-20 10:48:37,560 [INFO] ThirdParty:999 - CMSIS Pack Vendor :STMicroelectronics PDM2PCM 3.2.0
2023-05-20 10:48:37,560 [INFO] ThirdParty:999 - CMSIS Pack Vendor :STMicroelectronics X-CUBE-AZRTOS-H7 3.0.0
2023-05-20 10:48:37,560 [INFO] ThirdParty:815 - exiting critical section [change project]
2023-05-20 10:48:38,883 [INFO] PinOutPanel:1477 - setPackage(No Configuration,No Configuration)
2023-05-20 10:48:38,885 [INFO] PinOutPanel:1477 - setPackage(STM32F429ZITx,LQFP144)
2023-05-20 10:48:40,480 [INFO] UtilMem:74 - Before build in PCC Used Memory: 481887624 Bytes (577765376)
2023-05-20 10:48:41,964 [INFO] UtilMem:74 - After build in PCC Used Memory: 479977632 Bytes (577765376)
2023-05-20 10:48:42,145 [INFO] IPUIPlugin:79 - create IPUIPlugin
2023-05-20 10:48:42,146 [INFO] IPUIPlugin:79 - create IPUIPlugin
2023-05-20 10:48:42,147 [INFO] IPUIPlugin:79 - create IPUIPlugin
2023-05-20 10:48:42,148 [INFO] IPUIPlugin:79 - create IPUIPlugin
2023-05-20 10:48:42,149 [INFO] IPUIPlugin:79 - create IPUIPlugin
2023-05-20 10:48:42,150 [INFO] IPUIPlugin:79 - create IPUIPlugin
2023-05-20 10:48:42,151 [INFO] IPUIPlugin:79 - create IPUIPlugin
2023-05-20 10:48:42,153 [INFO] IPUIPlugin:79 - create IPUIPlugin
2023-05-20 10:48:42,154 [INFO] IPUIPlugin:79 - create IPUIPlugin
2023-05-20 10:48:42,156 [INFO] IPUIPlugin:79 - create IPUIPlugin
2023-05-20 10:48:42,157 [INFO] IPUIPlugin:79 - create IPUIPlugin
2023-05-20 10:48:42,158 [INFO] IPUIPlugin:79 - create IPUIPlugin
2023-05-20 10:48:42,159 [INFO] IPUIPlugin:79 - create IPUIPlugin
2023-05-20 10:48:42,160 [INFO] IPUIPlugin:79 - create IPUIPlugin
2023-05-20 10:48:42,161 [INFO] IPUIPlugin:79 - create IPUIPlugin
2023-05-20 10:48:42,162 [INFO] IPUIPlugin:79 - create IPUIPlugin
2023-05-20 10:48:42,162 [INFO] IPUIPlugin:79 - create IPUIPlugin
2023-05-20 10:48:42,162 [INFO] IPUIPlugin:79 - create IPUIPlugin
2023-05-20 10:48:42,163 [INFO] IPUIPlugin:79 - create IPUIPlugin
2023-05-20 10:48:42,163 [INFO] IPUIPlugin:79 - create IPUIPlugin
2023-05-20 10:48:42,164 [INFO] IPUIPlugin:79 - create IPUIPlugin
2023-05-20 10:48:42,165 [INFO] IPUIPlugin:79 - create IPUIPlugin
2023-05-20 10:48:42,166 [INFO] IPUIPlugin:79 - create IPUIPlugin
2023-05-20 10:48:42,167 [INFO] IPUIPlugin:79 - create IPUIPlugin
2023-05-20 10:48:42,169 [INFO] IPUIPlugin:79 - create IPUIPlugin
2023-05-20 10:48:42,170 [INFO] IPUIPlugin:79 - create IPUIPlugin
2023-05-20 10:48:42,171 [INFO] IPUIPlugin:79 - create IPUIPlugin
2023-05-20 10:48:42,172 [INFO] IPUIPlugin:79 - create IPUIPlugin
2023-05-20 10:48:42,173 [INFO] IPUIPlugin:79 - create IPUIPlugin
2023-05-20 10:48:42,174 [INFO] IPUIPlugin:79 - create IPUIPlugin
2023-05-20 10:48:42,175 [INFO] IPUIPlugin:79 - create IPUIPlugin
2023-05-20 10:48:42,177 [INFO] IPUIPlugin:79 - create IPUIPlugin
2023-05-20 10:48:42,178 [INFO] IPUIPlugin:79 - create IPUIPlugin
2023-05-20 10:48:42,179 [INFO] IPUIPlugin:79 - create IPUIPlugin
2023-05-20 10:48:42,179 [INFO] IPUIPlugin:79 - create IPUIPlugin
2023-05-20 10:48:42,180 [INFO] IPUIPlugin:79 - create IPUIPlugin
2023-05-20 10:48:42,180 [INFO] IPUIPlugin:79 - create IPUIPlugin
2023-05-20 10:48:42,181 [INFO] IPUIPlugin:79 - create IPUIPlugin
2023-05-20 10:48:42,182 [INFO] IPUIPlugin:79 - create IPUIPlugin
2023-05-20 10:48:42,183 [INFO] IPUIPlugin:79 - create IPUIPlugin
2023-05-20 10:48:42,184 [INFO] IPUIPlugin:79 - create IPUIPlugin
2023-05-20 10:48:42,216 [INFO] IPUIPlugin:79 - create IPUIPlugin
2023-05-20 10:48:42,218 [INFO] IPUIPlugin:79 - create IPUIPlugin
2023-05-20 10:48:42,219 [INFO] IPUIPlugin:79 - create IPUIPlugin
2023-05-20 10:48:42,219 [INFO] IPUIPlugin:79 - create IPUIPlugin
2023-05-20 10:48:42,220 [INFO] IPUIPlugin:79 - create IPUIPlugin
2023-05-20 10:48:42,220 [INFO] IPUIPlugin:79 - create IPUIPlugin
2023-05-20 10:48:42,221 [INFO] IPUIPlugin:79 - create IPUIPlugin
2023-05-20 10:48:42,222 [INFO] IPUIPlugin:79 - create IPUIPlugin
2023-05-20 10:48:42,223 [INFO] IPUIPlugin:79 - create IPUIPlugin
2023-05-20 10:48:42,223 [INFO] IPUIPlugin:79 - create IPUIPlugin
2023-05-20 10:48:42,224 [INFO] IPUIPlugin:79 - create IPUIPlugin
2023-05-20 10:48:42,225 [INFO] IPUIPlugin:79 - create IPUIPlugin
2023-05-20 10:48:42,226 [INFO] IPUIPlugin:79 - create IPUIPlugin
2023-05-20 10:48:42,227 [INFO] IPUIPlugin:79 - create IPUIPlugin
2023-05-20 10:48:42,229 [INFO] IPUIPlugin:79 - create IPUIPlugin
2023-05-20 10:48:42,231 [INFO] IPUIPlugin:79 - create IPUIPlugin
2023-05-20 10:48:42,233 [INFO] IPUIPlugin:79 - create IPUIPlugin
2023-05-20 10:48:42,235 [INFO] IPUIPlugin:79 - create IPUIPlugin
2023-05-20 10:48:42,238 [INFO] IPUIPlugin:79 - create IPUIPlugin
2023-05-20 10:48:42,240 [INFO] IPUIPlugin:79 - create IPUIPlugin
2023-05-20 10:48:42,243 [INFO] IPUIPlugin:79 - create IPUIPlugin
2023-05-20 10:48:42,244 [INFO] IPUIPlugin:79 - create IPUIPlugin
2023-05-20 10:48:42,246 [INFO] IPUIPlugin:79 - create IPUIPlugin
2023-05-20 10:48:42,247 [INFO] IPUIPlugin:79 - create IPUIPlugin
2023-05-20 10:48:42,248 [INFO] IPUIPlugin:79 - create IPUIPlugin
2023-05-20 10:48:42,408 [INFO] ApiDbMcu:505 - Load IP Config File for PDM2PCM
2023-05-20 10:48:42,899 [INFO] CADModel:164 - CPN selected for project levelSTM32F429ZIT6
2023-05-20 10:48:42,899 [INFO] CADModel:113 - Register for checkConnection events
2023-05-20 10:48:42,958 [INFO] OpenFileManager:327 - Restore cursor
2023-05-20 10:48:58,371 [INFO] UtilMem:74 - End SaveConfig() Used Memory: 467028736 Bytes (577765376)
2023-05-20 10:49:00,203 [INFO] UtilMem:74 - End SaveConfig() Used Memory: 493765376 Bytes (577765376)
2023-05-20 10:49:37,083 [INFO] UtilMem:74 - End SaveConfig() Used Memory: 458655096 Bytes (577765376)
2023-05-20 10:49:39,346 [INFO] BlockDiagram:2759 - set Specific Code input for plugin: SYS
2023-05-20 10:49:39,347 [INFO] BlockDiagram:2759 - set Specific Code input for plugin: RCC
2023-05-20 10:49:39,348 [INFO] BlockDiagram:2759 - set Specific Code input for plugin: USB_OTG_FS
2023-05-20 10:49:39,348 [INFO] BlockDiagram:2759 - set Specific Code input for plugin: NVIC
2023-05-20 10:49:39,348 [INFO] BlockDiagram:2759 - set Specific Code input for plugin: USART
2023-05-20 10:49:39,351 [INFO] BlockDiagram:2759 - set Specific Code input for plugin: GPIO
2023-05-20 10:49:39,353 [INFO] BlockDiagram:2759 - set Specific Code input for plugin: ETH
2023-05-20 10:49:39,359 [INFO] CodeGenerator:692 - code generatio: config db path: /home/francesco/st/stm32cubeide_1.11.2_2/plugins/com.st.stm32cube.common.mx_6.7.0.202301130839//db/
2023-05-20 10:49:40,264 [INFO] CodeEngine:247 - oldGeneratedFile, /media/francesco/Data/Francesco/AdM_workspace/adm_c16/MXTmpFiles/license.tmp_save
2023-05-20 10:49:41,189 [INFO] CodeEngine:271 - Generated code: /media/francesco/Data/Francesco/AdM_workspace/adm_c16/MXTmpFiles/license.tmp
2023-05-20 10:49:41,457 [INFO] CodeEngine:247 - oldGeneratedFile, /media/francesco/Data/Francesco/AdM_workspace/adm_c16/MXTmpFiles/gpio.tmp_save
2023-05-20 10:49:42,020 [INFO] CodeEngine:271 - Generated code: /media/francesco/Data/Francesco/AdM_workspace/adm_c16/MXTmpFiles/gpio.tmp
2023-05-20 10:49:42,781 [WARN] IPConfigManager:2928 - Warning: the RefConfig PWREx_EnableUSBVoltageDetector is not available in your config.xml file
2023-05-20 10:49:42,850 [INFO] CodeEngine:247 - oldGeneratedFile, /media/francesco/Data/Francesco/AdM_workspace/adm_c16/Core/Src/stm32f4xx_it.c_save
2023-05-20 10:49:43,345 [INFO] CodeEngine:271 - Generated code: /media/francesco/Data/Francesco/AdM_workspace/adm_c16/Core/Src/stm32f4xx_it.c
2023-05-20 10:49:43,369 [INFO] CodeEngine:247 - oldGeneratedFile, /media/francesco/Data/Francesco/AdM_workspace/adm_c16/Core/Inc/stm32f4xx_it.h_save
2023-05-20 10:49:43,543 [INFO] CodeEngine:271 - Generated code: /media/francesco/Data/Francesco/AdM_workspace/adm_c16/Core/Inc/stm32f4xx_it.h
2023-05-20 10:49:43,595 [INFO] CodeEngine:247 - oldGeneratedFile, /media/francesco/Data/Francesco/AdM_workspace/adm_c16/Core/Src/stm32f4xx_hal_msp.c_save
2023-05-20 10:49:43,945 [INFO] CodeEngine:271 - Generated code: /media/francesco/Data/Francesco/AdM_workspace/adm_c16/Core/Src/stm32f4xx_hal_msp.c
2023-05-20 10:49:43,966 [INFO] CodeEngine:247 - oldGeneratedFile, /media/francesco/Data/Francesco/AdM_workspace/adm_c16/MXTmpFiles/system.tmp_save
2023-05-20 10:49:44,123 [INFO] CodeEngine:271 - Generated code: /media/francesco/Data/Francesco/AdM_workspace/adm_c16/MXTmpFiles/system.tmp
2023-05-20 10:49:44,174 [INFO] CodeEngine:303 - oldGeneratedFile, /media/francesco/Data/Francesco/AdM_workspace/adm_c16/Core/Inc/stm32f4xx_hal_conf.h_save
2023-05-20 10:49:44,416 [INFO] CodeEngine:327 - Generated code: /media/francesco/Data/Francesco/AdM_workspace/adm_c16/Core/Inc/stm32f4xx_hal_conf.h
2023-05-20 10:49:44,598 [WARN] IPConfigManager:3414 - IP not found : USB_OTG
2023-05-20 10:49:44,601 [WARN] CodeGenerator:3583 - IP not found : null
2023-05-20 10:49:44,648 [INFO] CodeEngine:247 - oldGeneratedFile, /media/francesco/Data/Francesco/AdM_workspace/adm_c16/Core/Inc/main.h_save
2023-05-20 10:49:44,938 [INFO] CodeEngine:271 - Generated code: /media/francesco/Data/Francesco/AdM_workspace/adm_c16/Core/Inc/main.h
2023-05-20 10:49:44,969 [INFO] CodeEngine:247 - oldGeneratedFile, /media/francesco/Data/Francesco/AdM_workspace/adm_c16/Core/Src/main.c_save
2023-05-20 10:49:45,419 [INFO] CodeEngine:271 - Generated code: /media/francesco/Data/Francesco/AdM_workspace/adm_c16/Core/Src/main.c
2023-05-20 10:49:46,608 [INFO] ProjectBuilder:2919 - Time for Copy HAL[2] : 2mS.
2023-05-20 10:49:46,661 [INFO] ProjectBuilder:4183 - Project Generator version: 3.18.0-B7
2023-05-20 10:49:47,429 [INFO] ConfigFileManager:1396 - The Die is : DIE419
2023-05-20 10:49:47,455 [INFO] ApiDbMcu:505 - Load IP Config File for FATFS
2023-05-20 10:49:47,468 [INFO] ApiDbMcu:505 - Load IP Config File for FREERTOS
2023-05-20 10:49:47,471 [INFO] ApiDbMcu:505 - Load IP Config File for LIBJPEG
2023-05-20 10:49:47,482 [INFO] ApiDbMcu:505 - Load IP Config File for LWIP
2023-05-20 10:49:47,491 [INFO] ApiDbMcu:505 - Load IP Config File for MBEDTLS
2023-05-20 10:49:47,505 [INFO] ApiDbMcu:505 - Load IP Config File for USB_DEVICE
2023-05-20 10:49:47,513 [INFO] ApiDbMcu:505 - Load IP Config File for USB_HOST
2023-05-20 10:49:52,966 [INFO] ProjectBuilder:4351 - Time for Generating toolchain IDE Files: 6305mS.
2023-05-20 10:49:52,969 [INFO] ProjectBuilder:2790 - Time for Copy CMSIS : 0mS.
2023-05-20 10:49:52,993 [INFO] ProjectBuilder:2790 - Time for Copy CMSIS : 0mS.
2023-05-20 12:27:30,945 [INFO] JxBrowserEngine:114 - Initiate JxBrowser Engine with user profile folder
2023-05-20 12:27:32,152 [INFO] WebAppUi:459 - Close the Jxbrowser engine manually
2023-05-20 12:27:32,158 [INFO] WebAppUi:462 - Profiles folder deleted
2023-05-20 12:27:32,771 [ERROR] LogOutputStream:74 - [STDERR_REDIRECT] 
2023-05-20 12:27:41,523 [INFO] Activator:179 - 


2023-05-20 12:27:41,525 [INFO] Activator:180 - !SESSION log4j initialized
2023-05-20 12:28:10,689 [ERROR] LogOutputStream:74 - [STDERR_REDIRECT] SLF4J: Failed to load class "org.slf4j.impl.StaticLoggerBinder".
2023-05-20 12:28:10,692 [ERROR] LogOutputStream:74 - [STDERR_REDIRECT] SLF4J: Defaulting to no-operation (NOP) logger implementation
2023-05-20 12:28:10,693 [ERROR] LogOutputStream:74 - [STDERR_REDIRECT] SLF4J: See http://www.slf4j.org/codes.html#StaticLoggerBinder for further details.
2023-05-22 20:29:44,827 [INFO] Activator:179 - 


2023-05-22 20:29:44,829 [INFO] Activator:180 - !SESSION log4j initialized
2023-05-22 20:30:13,629 [ERROR] LogOutputStream:74 - [STDERR_REDIRECT] SLF4J: Failed to load class "org.slf4j.impl.StaticLoggerBinder".
2023-05-22 20:30:13,631 [ERROR] LogOutputStream:74 - [STDERR_REDIRECT] SLF4J: Defaulting to no-operation (NOP) logger implementation
2023-05-22 20:30:13,632 [ERROR] LogOutputStream:74 - [STDERR_REDIRECT] SLF4J: See http://www.slf4j.org/codes.html#StaticLoggerBinder for further details.
2023-05-22 20:30:31,000 [INFO] Activator:179 - 


2023-05-22 20:30:31,002 [INFO] Activator:180 - !SESSION log4j initialized
2023-06-01 22:13:13,923 [INFO] Activator:179 - 


2023-06-01 22:13:13,924 [INFO] Activator:180 - !SESSION log4j initialized
2023-06-01 22:13:37,360 [ERROR] LogOutputStream:74 - [STDERR_REDIRECT] SLF4J: Failed to load class "org.slf4j.impl.StaticLoggerBinder".
2023-06-01 22:13:37,361 [ERROR] LogOutputStream:74 - [STDERR_REDIRECT] SLF4J: Defaulting to no-operation (NOP) logger implementation
2023-06-01 22:13:37,361 [ERROR] LogOutputStream:74 - [STDERR_REDIRECT] SLF4J: See http://www.slf4j.org/codes.html#StaticLoggerBinder for further details.
2023-06-02 22:31:56,863 [INFO] Activator:179 - 


2023-06-02 22:31:56,866 [INFO] Activator:180 - !SESSION log4j initialized
2023-06-02 22:32:25,175 [ERROR] LogOutputStream:74 - [STDERR_REDIRECT] SLF4J: Failed to load class "org.slf4j.impl.StaticLoggerBinder".
2023-06-02 22:32:25,177 [ERROR] LogOutputStream:74 - [STDERR_REDIRECT] SLF4J: Defaulting to no-operation (NOP) logger implementation
2023-06-02 22:32:25,178 [ERROR] LogOutputStream:74 - [STDERR_REDIRECT] SLF4J: See http://www.slf4j.org/codes.html#StaticLoggerBinder for further details.
2023-06-03 09:53:50,082 [INFO] Activator:179 - 


2023-06-03 09:53:50,084 [INFO] Activator:180 - !SESSION log4j initialized
2023-06-03 09:54:18,544 [ERROR] LogOutputStream:74 - [STDERR_REDIRECT] SLF4J: Failed to load class "org.slf4j.impl.StaticLoggerBinder".
2023-06-03 09:54:18,550 [ERROR] LogOutputStream:74 - [STDERR_REDIRECT] SLF4J: Defaulting to no-operation (NOP) logger implementation
2023-06-03 09:54:18,551 [ERROR] LogOutputStream:74 - [STDERR_REDIRECT] SLF4J: See http://www.slf4j.org/codes.html#StaticLoggerBinder for further details.
2023-06-03 10:04:18,393 [INFO] Activator:179 - 


2023-06-03 10:04:18,395 [INFO] Activator:180 - !SESSION log4j initialized
2023-06-03 10:04:46,697 [ERROR] LogOutputStream:74 - [STDERR_REDIRECT] SLF4J: Failed to load class "org.slf4j.impl.StaticLoggerBinder".
2023-06-03 10:04:46,699 [ERROR] LogOutputStream:74 - [STDERR_REDIRECT] SLF4J: Defaulting to no-operation (NOP) logger implementation
2023-06-03 10:04:46,700 [ERROR] LogOutputStream:74 - [STDERR_REDIRECT] SLF4J: See http://www.slf4j.org/codes.html#StaticLoggerBinder for further details.
2023-06-05 23:20:41,577 [INFO] Activator:179 - 


2023-06-05 23:20:41,578 [INFO] Activator:180 - !SESSION log4j initialized
2023-06-05 23:21:04,984 [ERROR] LogOutputStream:74 - [STDERR_REDIRECT] SLF4J: Failed to load class "org.slf4j.impl.StaticLoggerBinder".
2023-06-05 23:21:04,986 [ERROR] LogOutputStream:74 - [STDERR_REDIRECT] SLF4J: Defaulting to no-operation (NOP) logger implementation
2023-06-05 23:21:04,986 [ERROR] LogOutputStream:74 - [STDERR_REDIRECT] SLF4J: See http://www.slf4j.org/codes.html#StaticLoggerBinder for further details.
2023-06-10 10:23:03,596 [INFO] Activator:179 - 


2023-06-10 10:23:03,607 [INFO] Activator:180 - !SESSION log4j initialized
2023-06-10 10:23:31,907 [ERROR] LogOutputStream:74 - [STDERR_REDIRECT] SLF4J: Failed to load class "org.slf4j.impl.StaticLoggerBinder".
2023-06-10 10:23:31,910 [ERROR] LogOutputStream:74 - [STDERR_REDIRECT] SLF4J: Defaulting to no-operation (NOP) logger implementation
2023-06-10 10:23:31,911 [ERROR] LogOutputStream:74 - [STDERR_REDIRECT] SLF4J: See http://www.slf4j.org/codes.html#StaticLoggerBinder for further details.
2023-06-11 13:11:47,599 [INFO] Activator:179 - 


2023-06-11 13:11:47,601 [INFO] Activator:180 - !SESSION log4j initialized
2023-06-11 13:12:15,594 [ERROR] LogOutputStream:74 - [STDERR_REDIRECT] SLF4J: Failed to load class "org.slf4j.impl.StaticLoggerBinder".
2023-06-11 13:12:15,597 [ERROR] LogOutputStream:74 - [STDERR_REDIRECT] SLF4J: Defaulting to no-operation (NOP) logger implementation
2023-06-11 13:12:15,597 [ERROR] LogOutputStream:74 - [STDERR_REDIRECT] SLF4J: See http://www.slf4j.org/codes.html#StaticLoggerBinder for further details.
2023-06-14 22:51:49,681 [INFO] Activator:179 - 


2023-06-14 22:51:49,683 [INFO] Activator:180 - !SESSION log4j initialized
2023-06-14 22:52:17,622 [ERROR] LogOutputStream:74 - [STDERR_REDIRECT] SLF4J: Failed to load class "org.slf4j.impl.StaticLoggerBinder".
2023-06-14 22:52:17,626 [ERROR] LogOutputStream:74 - [STDERR_REDIRECT] SLF4J: Defaulting to no-operation (NOP) logger implementation
2023-06-14 22:52:17,628 [ERROR] LogOutputStream:74 - [STDERR_REDIRECT] SLF4J: See http://www.slf4j.org/codes.html#StaticLoggerBinder for further details.
